Build started 2014/3/29 15:16:48.
     1>Project "F:\OpenSource\libevent\libevent_dns\libevent_dns.vcxproj" on node 6 (rebuild target(s)).
     1>InitializeBuildStatus:
         Creating "Release\libevent_dns.unsuccessfulbuild" because "AlwaysCreate" was specified.
       ClCompile:
         D:\Program Files\Microsoft Visual Studio 10.0\VC\bin\CL.exe /c /I../include /I"../WIN32-Code" /I../libevent /Zi /nologo /W3 /WX- /O2 /Oi /Oy- /GL /D WIN32 /D NDEBUG /D _CONSOLE /D _UNICODE /D UNICODE /Gm- /EHsc /MD /GS /Gy /fp:precise /Zc:wchar_t /Zc:forScope /Fo"Release\\" /Fd"Release\vc100.pdb" /Gd /TC /wd4996 /analyze- /errorReport:prompt "dns-example.c"
         dns-example.c
       Link:
         D:\Program Files\Microsoft Visual Studio 10.0\VC\bin\link.exe /ERRORREPORT:PROMPT /OUT:"../build/Release/libevent_dns.exe" /INCREMENTAL:NO /NOLOGO /LIBPATH:../build/Release/ libevent.lib ws2_32.lib kernel32.lib user32.lib gdi32.lib winspool.lib comdlg32.lib advapi32.lib shell32.lib ole32.lib oleaut32.lib uuid.lib odbc32.lib odbccp32.lib /MANIFEST /ManifestFile:"Release\libevent_dns.exe.intermediate.manifest" /MANIFESTUAC:"level='asInvoker' uiAccess='false'" /DEBUG /PDB:"F:\OpenSource\libevent\build\Release\libevent_dns.pdb" /SUBSYSTEM:CONSOLE /OPT:REF /OPT:ICF /LTCG /TLBID:1 /DYNAMICBASE /NXCOMPAT /IMPLIB:"../build/Release/libevent_dns.lib" /MACHINE:X86 "Release\dns-example.obj"
         Generating code
         Finished generating code
         libevent_dns.vcxproj -> F:\OpenSource\libevent\libevent_dns\../build/Release/libevent_dns.exe
       Manifest:
         C:\Program Files (x86)\Microsoft SDKs\Windows\v7.0A\bin\mt.exe /nologo /verbose /outputresource:"../build/Release/libevent_dns.exe;#1" /manifest Release\libevent_dns.exe.intermediate.manifest
       FinalizeBuildStatus:
         Deleting file "Release\libevent_dns.unsuccessfulbuild".
         Touching "Release\libevent_dns.lastbuildstate".
     1>Done Building Project "F:\OpenSource\libevent\libevent_dns\libevent_dns.vcxproj" (rebuild target(s)).

Build succeeded.

Time Elapsed 00:00:01.53
