F:\OpenSource\libevent\/build/Debug/libevent.lib
F:\OpenSource\libevent\libevent\Debug\buffer.obj
F:\OpenSource\libevent\libevent\Debug\buffer_iocp.obj
F:\OpenSource\libevent\libevent\Debug\bufferevent.obj
F:\OpenSource\libevent\libevent\Debug\bufferevent_async.obj
F:\OpenSource\libevent\libevent\Debug\bufferevent_filter.obj
F:\OpenSource\libevent\libevent\Debug\bufferevent_openssl.obj
F:\OpenSource\libevent\libevent\Debug\bufferevent_pair.obj
F:\OpenSource\libevent\libevent\Debug\bufferevent_ratelim.obj
F:\OpenSource\libevent\libevent\Debug\bufferevent_sock.obj
F:\OpenSource\libevent\libevent\Debug\evdns.obj
F:\OpenSource\libevent\libevent\Debug\event.obj
F:\OpenSource\libevent\libevent\Debug\event_iocp.obj
F:\OpenSource\libevent\libevent\Debug\event_tagging.obj
F:\OpenSource\libevent\libevent\Debug\evmap.obj
F:\OpenSource\libevent\libevent\Debug\evrpc.obj
F:\OpenSource\libevent\libevent\Debug\evthread.obj
F:\OpenSource\libevent\libevent\Debug\evthread_win32.obj
F:\OpenSource\libevent\libevent\Debug\evutil.obj
F:\OpenSource\libevent\libevent\Debug\evutil_rand.obj
F:\OpenSource\libevent\libevent\Debug\http.obj
F:\OpenSource\libevent\libevent\Debug\listener.obj
F:\OpenSource\libevent\libevent\Debug\log.obj
F:\OpenSource\libevent\libevent\Debug\signal.obj
F:\OpenSource\libevent\libevent\Debug\strlcpy.obj
F:\OpenSource\libevent\libevent\Debug\vc120.idb
F:\OpenSource\libevent\libevent\Debug\vc120.pdb
F:\OpenSource\libevent\libevent\Debug\win32select.obj
